This job is running on skl-119 on Wed Jun 23 23:01:36 EDT 2021

Attaching package: ‘dplyr’

The following objects are masked from ‘package:stats’:

    filter, lag

The following objects are masked from ‘package:base’:

    intersect, setdiff, setequal, union

Loading required package: BiocGenerics
Loading required package: parallel

Attaching package: ‘BiocGenerics’

The following objects are masked from ‘package:parallel’:

    clusterApply, clusterApplyLB, clusterCall, clusterEvalQ,
    clusterExport, clusterMap, parApply, parCapply, parLapply,
    parLapplyLB, parRapply, parSapply, parSapplyLB

The following objects are masked from ‘package:dplyr’:

    combine, intersect, setdiff, union

The following objects are masked from ‘package:stats’:

    IQR, mad, sd, var, xtabs

The following objects are masked from ‘package:base’:

    anyDuplicated, append, as.data.frame, basename, cbind, colnames,
    dirname, do.call, duplicated, eval, evalq, Filter, Find, get, grep,
    grepl, intersect, is.unsorted, lapply, Map, mapply, match, mget,
    order, paste, pmax, pmax.int, pmin, pmin.int, Position, rank,
    rbind, Reduce, rownames, sapply, setdiff, sort, table, tapply,
    union, unique, unsplit, which.max, which.min

Loading required package: S4Vectors
Loading required package: stats4

Attaching package: ‘S4Vectors’

The following objects are masked from ‘package:dplyr’:

    first, rename

The following objects are masked from ‘package:base’:

    expand.grid, I, unname

Loading required package: IRanges

Attaching package: ‘IRanges’

The following objects are masked from ‘package:dplyr’:

    collapse, desc, slice

Loading required package: XVector
Loading required package: GenomeInfoDb

Attaching package: ‘Biostrings’

The following object is masked from ‘package:base’:

    strsplit

Loading required package: GenomicRanges
Loading required package: GenomicAlignments
Loading required package: SummarizedExperiment
Loading required package: MatrixGenerics
Loading required package: matrixStats

Attaching package: ‘matrixStats’

The following object is masked from ‘package:dplyr’:

    count


Attaching package: ‘MatrixGenerics’

The following objects are masked from ‘package:matrixStats’:

    colAlls, colAnyNAs, colAnys, colAvgsPerRowSet, colCollapse,
    colCounts, colCummaxs, colCummins, colCumprods, colCumsums,
    colDiffs, colIQRDiffs, colIQRs, colLogSumExps, colMadDiffs,
    colMads, colMaxs, colMeans2, colMedians, colMins, colOrderStats,
    colProds, colQuantiles, colRanges, colRanks, colSdDiffs, colSds,
    colSums2, colTabulates, colVarDiffs, colVars, colWeightedMads,
    colWeightedMeans, colWeightedMedians, colWeightedSds,
    colWeightedVars, rowAlls, rowAnyNAs, rowAnys, rowAvgsPerColSet,
    rowCollapse, rowCounts, rowCummaxs, rowCummins, rowCumprods,
    rowCumsums, rowDiffs, rowIQRDiffs, rowIQRs, rowLogSumExps,
    rowMadDiffs, rowMads, rowMaxs, rowMeans2, rowMedians, rowMins,
    rowOrderStats, rowProds, rowQuantiles, rowRanges, rowRanks,
    rowSdDiffs, rowSds, rowSums2, rowTabulates, rowVarDiffs, rowVars,
    rowWeightedMads, rowWeightedMeans, rowWeightedMedians,
    rowWeightedSds, rowWeightedVars

Loading required package: Biobase
Welcome to Bioconductor

    Vignettes contain introductory material; view with
    'browseVignettes()'. To cite Bioconductor, see
    'citation("Biobase")', and for packages 'citation("pkgname")'.


Attaching package: ‘Biobase’

The following object is masked from ‘package:MatrixGenerics’:

    rowMedians

The following objects are masked from ‘package:matrixStats’:

    anyMissing, rowMedians

Loading required package: Rsamtools

Attaching package: ‘GenomicAlignments’

The following object is masked from ‘package:dplyr’:

    last

Registered S3 method overwritten by 'GGally':
  method from   
  +.gg   ggplot2
Loading required package: AnnotationDbi

Attaching package: ‘AnnotationDbi’

The following object is masked from ‘package:dplyr’:

    select


      dORF     ncORFS  ORFs_ccds Overl_dORF       uORF 
       208        379      37361         15       2093 
Import genomic features from the file as a GRanges object ... OK
Prepare the 'metadata' data frame ... OK
Make the TxDb object ... OK
[1] 15540
[1] 15166
[1] 100
[1] 200
[1] 300
[1] 400
[1] 500
[1] 600
[1] 700
[1] 800
[1] 900
[1] 1000
[1] 1100
[1] 1200
[1] 1300
[1] 1400
[1] 1500
[1] 1600
[1] 1700
[1] 1800
[1] 1900
[1] 2000
[1] 2100
[1] 2200
[1] 2300
[1] 2400
[1] 2500
[1] 2600
[1] 2700
[1] 2800
[1] 2900
[1] 3000
[1] 3100
[1] 3200
[1] 3300
[1] 3400
[1] 3500
[1] 3600
[1] 3700
[1] 3800
[1] 3900
[1] 4000
[1] 4100
[1] 4200
[1] 4300
[1] 4400
[1] 4500
[1] 4600
[1] 4700
[1] 4800
[1] 4900
[1] 5000
[1] 5100
[1] 5200
[1] 5300
[1] 5400
[1] 5500
[1] 5600
[1] 5700
[1] 5800
[1] 5900
[1] 6000
[1] 6100
[1] 6200
[1] 6300
[1] 6400
[1] 6500
[1] 6600
[1] 6700
[1] 6800
[1] 6900
[1] 7000
[1] 7100
[1] 7200
[1] 7300
[1] 7400
[1] 7500
[1] 7600
[1] 7700
[1] 7800
[1] 7900
[1] 8000
[1] 8100
[1] 8200
[1] 8300
[1] 8400
[1] 8500
[1] 8600
[1] 8700
[1] 8800
[1] 8900
[1] 9000
[1] 9100
[1] 9200
[1] 9300
[1] 9400
[1] 9500
[1] 9600
[1] 9700
[1] 9800
[1] 9900
[1] 10000
[1] 10100
[1] 10200
[1] 10300
[1] 10400
[1] 10500
[1] 10600
[1] 10700
[1] 10800
[1] 10900
[1] 11000
[1] 11100
[1] 11200
[1] 11300
[1] 11400
[1] 11500
[1] 11600
[1] 11700
[1] 11800
[1] 11900
[1] 12000
[1] 12100
[1] 12200
[1] 12300
[1] 12400
[1] 12500
[1] 12600
[1] 12700
[1] 12800
[1] 12900
[1] 13000
[1] 13100
[1] 13200
[1] 13300
[1] 13400
[1] 13500
[1] 13600
[1] 13700
[1] 13800
[1] 13900
[1] 14000
[1] 14100
[1] 14200
[1] 14300
[1] 14400
[1] 14500
[1] 14600
[1] 14700
[1] 14800
[1] 14900
[1] 15000
[1] 15100
There were 50 or more warnings (use warnings() to see the first 50)
[1] 15167
   pos AT1G01010.1 AT1G01020.1 AT1G01040.1 AT1G01050.1 AT1G01070.1 AT1G01080.1
1  -43        -5.0        -4.1        -5.6        -5.1        -2.2           0
2  -42        -3.7        -5.3        -5.6        -4.2        -2.2           0
3  -41        -3.2        -6.1        -5.6        -3.3        -2.2           0
4  -40        -1.5        -6.7        -5.6        -1.7        -2.2           0
5  -39        -1.5        -7.3        -5.6        -1.0        -2.2           0
6  -38        -1.5        -7.8        -5.6        -1.0        -2.2           0
7  -37        -1.5        -8.6        -5.6        -1.0        -1.8           0
8  -36        -1.5        -9.8        -1.6        -1.0         0.0           0
9  -35        -1.5        10.6        -1.2        -1.0         0.0           0
10 -34        -1.5        10.6        -1.2        -1.0         0.0           0
   AT1G01090.1 AT1G01100.2 AT1G01110.2
1          0.0        -4.1        -3.1
2          0.0        -4.1        -3.1
3          0.0        -4.1        -3.1
4          0.0        -4.1        -3.1
5          0.0        -4.1        -3.1
6          0.0        -4.1        -3.1
7          0.0        -4.1        -3.1
8          0.0        -4.1        -3.1
9         -0.9        -4.1        -3.1
10        -1.6        -4.1        -1.8
details of the job and queue
---------
JobId=29251724 JobName=RNAfold_mORF
   UserId=larrywu(937557) GroupId=biochem(2005) MCS_label=N/A
   Priority=63413 Nice=0 Account=pollyhsu QOS=normal
   JobState=RUNNING Reason=None Dependency=(null)
   Requeue=1 Restarts=0 BatchFlag=1 Reboot=0 ExitCode=0:0
   RunTime=00:51:48 TimeLimit=1-21:00:00 TimeMin=N/A
   SubmitTime=2021-06-23T23:01:31 EligibleTime=2021-06-23T23:01:31
   AccrueTime=2021-06-23T23:01:31
   StartTime=2021-06-23T23:01:33 EndTime=2021-06-25T20:01:33 Deadline=N/A
   SuspendTime=None SecsPreSuspend=0 LastSchedEval=2021-06-23T23:01:33
   Partition=pollyhsu AllocNode:Sid=dev-intel18:28158
   ReqNodeList=(null) ExcNodeList=(null)
   NodeList=skl-119
   BatchHost=skl-119
   NumNodes=1 NumCPUs=1 NumTasks=1 CPUs/Task=1 ReqB:S:C:T=0:0:*:*
   TRES=cpu=1,mem=40G,node=1,billing=6225
   Socks/Node=* NtasksPerN:B:S:C=0:0:*:* CoreSpec=*
   MinCPUsNode=1 MinMemoryNode=40G MinTmpDiskNode=0
   Features=[intel14|intel16|intel18|amr|nvf] DelayBoot=00:00:00
   OverSubscribe=OK Contiguous=0 Licenses=(null) Network=(null)
   Command=/mnt/ufs18/home-024/larrywu/Kyle_CTRL/code_Araport11_1st+2nd_Riboseq/4.0b_Rscript_submission.sb
   WorkDir=/mnt/ufs18/home-024/larrywu/Kyle_CTRL/code_Araport11_1st+2nd_Riboseq
   Comment=stdout=/mnt/ufs18/home-024/larrywu/Kyle_CTRL/code_Araport11_1st+2nd_Riboseq/4.0a_RNAfold_MFE.out 
   StdErr=/mnt/ufs18/home-024/larrywu/Kyle_CTRL/code_Araport11_1st+2nd_Riboseq/4.0a_RNAfold_MFE.out
   StdIn=/dev/null
   StdOut=/mnt/ufs18/home-024/larrywu/Kyle_CTRL/code_Araport11_1st+2nd_Riboseq/4.0a_RNAfold_MFE.out
   Power=
   MailUser=larrywu@msu.edu MailType=BEGIN,END,FAIL
   NtasksPerTRES:0

